[{'repoName': 'PaddlePaddle/Paddle', 'CIName': 'PR-CI-Mac-Python3-20', 'running': 25, 'PR': '30436', 'commitId': 'e2ed97d32ec879773be95caa7c6571e7e9b424c2', 'targetId': 2316007, 'cardType': 'Paddle-mac-py3', 'jobId': 3275120, 'jobName': '执行脚本插件', 'ifDocument': False, 'stillneedTime': 2}, {'repoName': 'PaddlePaddle/Paddle', 'CIName': 'PR-CI-Kunlun-20', 'running': 3, 'PR': '30435', 'commitId': '1670bd5c53b9635305b4244c155c6e5ef0a43e10', 'targetId': 2316162, 'cardType': 'Paddle-Kunlun', 'jobId': 3275315, 'jobName': '执行脚本插件', 'ifDocument': False, 'stillneedTime': 5}, {'repoName': 'PaddlePaddle/Paddle', 'CIName': 'PR-CI-musl-20', 'running': 3, 'PR': '30435', 'commitId': '1670bd5c53b9635305b4244c155c6e5ef0a43e10', 'targetId': 2316163, 'cardType': 'Paddle-musl', 'jobId': 3275316, 'jobName': '执行脚本插件', 'ifDocument': False, 'stillneedTime': 6}, {'repoName': 'PaddlePaddle/Paddle', 'CIName': 'PR-CI-Inference-20', 'running': 1, 'PR': '30436', 'commitId': 'e2ed97d32ec879773be95caa7c6571e7e9b424c2', 'targetId': 2316003, 'cardType': 'nTeslaP4', 'jobId': 3275114, 'jobName': 'PaddlePaddle编译', 'ifDocument': False, 'stillneedTime': 8}, {'repoName': 'PaddlePaddle/Paddle', 'CIName': 'PR-CI-Inference-20', 'running': 14, 'PR': '30311', 'commitId': 'bdc99ab64421ec064f7049951634b83c69ac2d00', 'targetId': 2315948, 'cardType': 'nTeslaP4', 'jobId': 3275043, 'jobName': 'PaddlePaddle编译', 'ifDocument': False, 'stillneedTime': 10}, {'repoName': 'PaddlePaddle/Paddle', 'CIName': 'PR-CI-Py3', 'running': 94, 'PR': '30428', 'commitId': 'f220eb20252802ca8ef2edab1b4697f128bddb2c', 'targetId': 2315507, 'cardType': 'nTeslaV100-16', 'jobId': 3274471, 'jobName': 'PaddlePaddle编译', 'ifDocument': False, 'stillneedTime': 10}, {'repoName': 'PaddlePaddle/Paddle', 'CIName': 'PR-CI-Coverage', 'running': 155, 'PR': '30417', 'commitId': '39b591bbffb09acb73d2d120165b63fb751547c4', 'targetId': 2315418, 'cardType': 'nTeslaV100-16', 'jobId': 3274359, 'jobName': 'PaddlePaddle编译', 'ifDocument': False, 'stillneedTime': 10}, {'repoName': 'PaddlePaddle/Paddle', 'CIName': 'PR-CI-Coverage', 'running': 176, 'PR': '30422', 'commitId': '15699a00d266e5b8964f04187e9a3875da552775', 'targetId': 2315229, 'cardType': 'nTeslaV100-16', 'jobId': 3274105, 'jobName': 'PaddlePaddle编译', 'ifDocument': False, 'stillneedTime': 10}, {'repoName': 'PaddlePaddle/Paddle', 'CIName': 'PR-CI-Mac', 'running': 12, 'PR': '30388', 'commitId': '7dce62fbec519e934817dd24e3295e94ab99af80', 'targetId': 2316075, 'cardType': 'Paddle-mac', 'jobId': 3275208, 'jobName': '执行脚本插件', 'ifDocument': False, 'stillneedTime': 10}, {'repoName': 'PaddlePaddle/Paddle', 'CIName': 'PR-CI-Mac-20', 'running': 39, 'PR': '30311', 'commitId': 'bdc99ab64421ec064f7049951634b83c69ac2d00', 'targetId': 2315951, 'cardType': 'Paddle-mac', 'jobId': 3275048, 'jobName': '执行脚本插件', 'ifDocument': False, 'stillneedTime': 10}, {'repoName': 'PaddlePaddle/Paddle', 'CIName': 'PR-CI-Mac-Python3-20', 'running': 44, 'PR': '30433', 'commitId': 'a08dbeb233d4fe431b18f24821de04f524c5f5d3', 'targetId': 2315860, 'cardType': 'Paddle-mac-py3', 'jobId': 3274929, 'jobName': '执行脚本插件', 'ifDocument': False, 'stillneedTime': 10}, {'repoName': 'PaddlePaddle/Paddle', 'CIName': 'PR-CI-Coverage', 'running': 89, 'PR': '30428', 'commitId': 'f220eb20252802ca8ef2edab1b4697f128bddb2c', 'targetId': 2315508, 'cardType': 'nTeslaV100-16', 'jobId': 3274473, 'jobName': 'PaddlePaddle编译', 'ifDocument': False, 'stillneedTime': 12}, {'repoName': 'PaddlePaddle/Paddle', 'CIName': 'PR-CI-Mac', 'running': 9, 'PR': '30438', 'commitId': '4a0bd0c5af77f7369d8195182b8c42f490c248dd', 'targetId': 2316097, 'cardType': 'Paddle-mac', 'jobId': 3275238, 'jobName': '执行脚本插件', 'ifDocument': False, 'stillneedTime': 13}, {'repoName': 'PaddlePaddle/Paddle', 'CIName': 'PR-CI-CPU-Py2-20', 'running': 1, 'PR': '30436', 'commitId': 'e2ed97d32ec879773be95caa7c6571e7e9b424c2', 'targetId': 2316005, 'cardType': 'nTeslaP4', 'jobId': 3275118, 'jobName': 'compile-and-UT', 'ifDocument': False, 'stillneedTime': 15}, {'repoName': 'PaddlePaddle/Paddle', 'CIName': 'PR-CI-Py3-20', 'running': 76, 'PR': '30431', 'commitId': 'e8785c84097599adcf5be00bdeb9b3be9428955e', 'targetId': 2315765, 'cardType': 'nTeslaV100-16', 'jobId': 3274790, 'jobName': 'PaddlePaddle编译', 'ifDocument': False, 'stillneedTime': 17}, {'repoName': 'PaddlePaddle/Paddle', 'CIName': 'PR-CI-Windows-20', 'running': 97, 'PR': '30424', 'commitId': '805018daf885e74fb2ef3ee9bcc6919e267e064a', 'targetId': 2315250, 'cardType': 'Paddle-windows', 'jobId': 3274133, 'jobName': 'Paddle编译/运行', 'ifDocument': False, 'stillneedTime': 17}, {'repoName': 'PaddlePaddle/Paddle', 'CIName': 'PR-CI-Mac-20', 'running': 3, 'PR': '30435', 'commitId': '1670bd5c53b9635305b4244c155c6e5ef0a43e10', 'targetId': 2316157, 'cardType': 'Paddle-mac', 'jobId': 3275310, 'jobName': '执行脚本插件', 'ifDocument': False, 'stillneedTime': 19}, {'repoName': 'PaddlePaddle/Paddle', 'CIName': 'PR-CI-Windows-OPENBLAS-20', 'running': 31, 'PR': '30311', 'commitId': 'bdc99ab64421ec064f7049951634b83c69ac2d00', 'targetId': 2315954, 'cardType': 'Paddle-windows-cpu', 'jobId': 3275051, 'jobName': 'Paddle编译', 'ifDocument': False, 'stillneedTime': 19}, {'repoName': 'PaddlePaddle/Paddle', 'CIName': 'PR-CI-Windows-OPENBLAS-20', 'running': 30, 'PR': '30436', 'commitId': 'e2ed97d32ec879773be95caa7c6571e7e9b424c2', 'targetId': 2316009, 'cardType': 'Paddle-windows-cpu', 'jobId': 3275122, 'jobName': 'Paddle编译', 'ifDocument': False, 'stillneedTime': 20}, {'repoName': 'PaddlePaddle/Paddle', 'CIName': 'PR-CI-Windows-OPENBLAS', 'running': 26, 'PR': '30437', 'commitId': 'abbe6e3891d34ea129cbd1a7370e6d1cebf65b6b', 'targetId': 2316037, 'cardType': 'Paddle-windows-cpu', 'jobId': 3275161, 'jobName': 'Paddle编译', 'ifDocument': False, 'stillneedTime': 24}, {'repoName': 'PaddlePaddle/Paddle', 'CIName': 'PR-CI-Windows-OPENBLAS', 'running': 25, 'PR': '30388', 'commitId': '7dce62fbec519e934817dd24e3295e94ab99af80', 'targetId': 2316076, 'cardType': 'Paddle-windows-cpu', 'jobId': 3275209, 'jobName': 'Paddle编译', 'ifDocument': False, 'stillneedTime': 25}, {'repoName': 'PaddlePaddle/Paddle', 'CIName': 'PR-CI-Windows-OPENBLAS', 'running': 21, 'PR': '30438', 'commitId': '4a0bd0c5af77f7369d8195182b8c42f490c248dd', 'targetId': 2316098, 'cardType': 'Paddle-windows-cpu', 'jobId': 3275239, 'jobName': 'Paddle编译', 'ifDocument': False, 'stillneedTime': 29}, {'repoName': 'PaddlePaddle/Paddle', 'CIName': 'PR-CI-Windows-20', 'running': 77, 'PR': '30427', 'commitId': 'f5579769e9c45b0736d8a1888e93995687f58cdd', 'targetId': 2315805, 'cardType': 'Paddle-windows', 'jobId': 3274841, 'jobName': 'Paddle编译/运行', 'ifDocument': False, 'stillneedTime': 37}, {'repoName': 'PaddlePaddle/Paddle', 'CIName': 'PR-CI-Py3-20', 'running': 54, 'PR': '30432', 'commitId': '6017e330e075e2a6c70442bd10af19e1443b3097', 'targetId': 2315782, 'cardType': 'nTeslaV100-16', 'jobId': 3274812, 'jobName': 'PaddlePaddle编译', 'ifDocument': False, 'stillneedTime': 39}, {'repoName': 'PaddlePaddle/Paddle', 'CIName': 'PR-CI-Windows-OPENBLAS', 'running': 9, 'PR': '30401', 'commitId': 'ad6b11903ee35c09aae879bc0c2170c573f69528', 'targetId': 2315842, 'cardType': 'Paddle-windows-cpu', 'jobId': 3274901, 'jobName': 'Paddle编译', 'ifDocument': False, 'stillneedTime': 41}, {'repoName': 'PaddlePaddle/Paddle', 'CIName': 'PR-CI-Windows-OPENBLAS-20', 'running': 3, 'PR': '30435', 'commitId': '1670bd5c53b9635305b4244c155c6e5ef0a43e10', 'targetId': 2316160, 'cardType': 'Paddle-windows-cpu', 'jobId': 3275313, 'jobName': 'Paddle编译', 'ifDocument': False, 'stillneedTime': 47}, {'repoName': 'PaddlePaddle/Paddle', 'CIName': 'PR-CI-Windows-20', 'running': 65, 'PR': '30433', 'commitId': 'a08dbeb233d4fe431b18f24821de04f524c5f5d3', 'targetId': 2315862, 'cardType': 'Paddle-windows', 'jobId': 3274931, 'jobName': 'Paddle编译/运行', 'ifDocument': False, 'stillneedTime': 49}, {'repoName': 'PaddlePaddle/Paddle', 'CIName': 'PR-CI-Coverage-20', 'running': 51, 'PR': '30432', 'commitId': '6017e330e075e2a6c70442bd10af19e1443b3097', 'targetId': 2315780, 'cardType': 'nTeslaV100-16', 'jobId': 3274808, 'jobName': 'PaddlePaddle编译', 'ifDocument': False, 'stillneedTime': 50}, {'repoName': 'PaddlePaddle/Paddle', 'CIName': 'PR-CI-Py3-20', 'running': 40, 'PR': '30427', 'commitId': 'f5579769e9c45b0736d8a1888e93995687f58cdd', 'targetId': 2315801, 'cardType': 'nTeslaV100-16', 'jobId': 3274836, 'jobName': 'PaddlePaddle编译', 'ifDocument': False, 'stillneedTime': 53}, {'repoName': 'PaddlePaddle/Paddle', 'CIName': 'PR-CI-Py3-20', 'running': 38, 'PR': '30433', 'commitId': 'a08dbeb233d4fe431b18f24821de04f524c5f5d3', 'targetId': 2315854, 'cardType': 'nTeslaV100-16', 'jobId': 3274921, 'jobName': 'PaddlePaddle编译', 'ifDocument': False, 'stillneedTime': 55}, {'repoName': 'PaddlePaddle/Paddle', 'CIName': 'PR-CI-Coverage-20', 'running': 39, 'PR': '30427', 'commitId': 'f5579769e9c45b0736d8a1888e93995687f58cdd', 'targetId': 2315799, 'cardType': 'nTeslaV100-16', 'jobId': 3274832, 'jobName': 'PaddlePaddle编译', 'ifDocument': False, 'stillneedTime': 62}, {'repoName': 'PaddlePaddle/Paddle', 'CIName': 'PR-CI-Coverage-20', 'running': 35, 'PR': '30433', 'commitId': 'a08dbeb233d4fe431b18f24821de04f524c5f5d3', 'targetId': 2315851, 'cardType': 'nTeslaV100-16', 'jobId': 3274915, 'jobName': 'PaddlePaddle编译', 'ifDocument': False, 'stillneedTime': 66}, {'repoName': 'PaddlePaddle/Paddle', 'CIName': 'PR-CI-Windows-20', 'running': 39, 'PR': '30311', 'commitId': 'bdc99ab64421ec064f7049951634b83c69ac2d00', 'targetId': 2315953, 'cardType': 'Paddle-windows', 'jobId': 3275050, 'jobName': 'Paddle编译/运行', 'ifDocument': False, 'stillneedTime': 75}, {'repoName': 'PaddlePaddle/Paddle', 'CIName': 'PR-CI-Windows-20', 'running': 28, 'PR': '30436', 'commitId': 'e2ed97d32ec879773be95caa7c6571e7e9b424c2', 'targetId': 2316008, 'cardType': 'Paddle-windows', 'jobId': 3275121, 'jobName': 'Paddle编译/运行', 'ifDocument': False, 'stillneedTime': 86}, {'repoName': 'PaddlePaddle/Paddle', 'CIName': 'PR-CI-Py3-20', 'running': 1, 'PR': '30311', 'commitId': 'bdc99ab64421ec064f7049951634b83c69ac2d00', 'targetId': 2315949, 'cardType': 'nTeslaV100-16', 'jobId': 3275045, 'jobName': 'PaddlePaddle编译', 'ifDocument': False, 'stillneedTime': 92}, {'repoName': 'PaddlePaddle/Paddle', 'CIName': 'PR-CI-Windows-20', 'running': 19, 'PR': '30432', 'commitId': '6017e330e075e2a6c70442bd10af19e1443b3097', 'targetId': 2315786, 'cardType': 'Paddle-windows', 'jobId': 3274817, 'jobName': 'Paddle编译/运行', 'ifDocument': False, 'stillneedTime': 95}, {'repoName': 'PaddlePaddle/Paddle', 'CIName': 'PR-CI-Windows', 'running': 17, 'PR': '30434', 'commitId': '384c65cf36656b1154c43396849176de358080e3', 'targetId': 2315883, 'cardType': 'Paddle-windows', 'jobId': 3274957, 'jobName': 'Paddle编译/运行', 'ifDocument': False, 'stillneedTime': 97}, {'repoName': 'PaddlePaddle/Paddle', 'CIName': 'PR-CI-Coverage-20', 'running': 1, 'PR': '30311', 'commitId': 'bdc99ab64421ec064f7049951634b83c69ac2d00', 'targetId': 2315947, 'cardType': 'nTeslaV100-16', 'jobId': 3275041, 'jobName': 'PaddlePaddle编译', 'ifDocument': False, 'stillneedTime': 100}, {'repoName': 'PaddlePaddle/Paddle', 'CIName': 'PR-CI-Windows', 'running': 3, 'PR': '30388', 'commitId': '7dce62fbec519e934817dd24e3295e94ab99af80', 'targetId': 2316077, 'cardType': 'Paddle-windows', 'jobId': 3275210, 'jobName': 'Paddle编译/运行', 'ifDocument': False, 'stillneedTime': 111}, {'repoName': 'PaddlePaddle/Paddle', 'CIName': 'PR-CI-Windows', 'running': 3, 'PR': '30437', 'commitId': 'abbe6e3891d34ea129cbd1a7370e6d1cebf65b6b', 'targetId': 2316038, 'cardType': 'Paddle-windows', 'jobId': 3275162, 'jobName': 'Paddle编译/运行', 'ifDocument': False, 'stillneedTime': 111}]
{'repoName': 'PaddlePaddle/Paddle', 'CIName': 'PR-CI-Mac-Python3-20', 'running': 25, 'PR': '30436', 'commitId': 'e2ed97d32ec879773be95caa7c6571e7e9b424c2', 'targetId': 2316007, 'cardType': 'Paddle-mac-py3', 'jobId': 3275120, 'jobName': '执行脚本插件', 'ifDocument': False, 'stillneedTime': 2}
ifdockerfile: False
{'repoName': 'PaddlePaddle/Paddle', 'CIName': 'PR-CI-Kunlun-20', 'running': 3, 'PR': '30435', 'commitId': '1670bd5c53b9635305b4244c155c6e5ef0a43e10', 'targetId': 2316162, 'cardType': 'Paddle-Kunlun', 'jobId': 3275315, 'jobName': '执行脚本插件', 'ifDocument': False, 'stillneedTime': 5}
ifdockerfile: False
{'repoName': 'PaddlePaddle/Paddle', 'CIName': 'PR-CI-musl-20', 'running': 3, 'PR': '30435', 'commitId': '1670bd5c53b9635305b4244c155c6e5ef0a43e10', 'targetId': 2316163, 'cardType': 'Paddle-musl', 'jobId': 3275316, 'jobName': '执行脚本插件', 'ifDocument': False, 'stillneedTime': 6}
ifdockerfile: False
{'repoName': 'PaddlePaddle/Paddle', 'CIName': 'PR-CI-Inference-20', 'running': 1, 'PR': '30436', 'commitId': 'e2ed97d32ec879773be95caa7c6571e7e9b424c2', 'targetId': 2316003, 'cardType': 'nTeslaP4', 'jobId': 3275114, 'jobName': 'PaddlePaddle编译', 'ifDocument': False, 'stillneedTime': 8}
ifdockerfile: False
{'repoName': 'PaddlePaddle/Paddle', 'CIName': 'PR-CI-Inference-20', 'running': 14, 'PR': '30311', 'commitId': 'bdc99ab64421ec064f7049951634b83c69ac2d00', 'targetId': 2315948, 'cardType': 'nTeslaP4', 'jobId': 3275043, 'jobName': 'PaddlePaddle编译', 'ifDocument': False, 'stillneedTime': 10}
ifdockerfile: False
{'repoName': 'PaddlePaddle/Paddle', 'CIName': 'PR-CI-Py3', 'running': 94, 'PR': '30428', 'commitId': 'f220eb20252802ca8ef2edab1b4697f128bddb2c', 'targetId': 2315507, 'cardType': 'nTeslaV100-16', 'jobId': 3274471, 'jobName': 'PaddlePaddle编译', 'ifDocument': False, 'stillneedTime': 10}
ifdockerfile: False
{'repoName': 'PaddlePaddle/Paddle', 'CIName': 'PR-CI-Coverage', 'running': 155, 'PR': '30417', 'commitId': '39b591bbffb09acb73d2d120165b63fb751547c4', 'targetId': 2315418, 'cardType': 'nTeslaV100-16', 'jobId': 3274359, 'jobName': 'PaddlePaddle编译', 'ifDocument': False, 'stillneedTime': 10}
ifdockerfile: False
{'repoName': 'PaddlePaddle/Paddle', 'CIName': 'PR-CI-Coverage', 'running': 176, 'PR': '30422', 'commitId': '15699a00d266e5b8964f04187e9a3875da552775', 'targetId': 2315229, 'cardType': 'nTeslaV100-16', 'jobId': 3274105, 'jobName': 'PaddlePaddle编译', 'ifDocument': False, 'stillneedTime': 10}
ifdockerfile: False
{'repoName': 'PaddlePaddle/Paddle', 'CIName': 'PR-CI-Mac', 'running': 12, 'PR': '30388', 'commitId': '7dce62fbec519e934817dd24e3295e94ab99af80', 'targetId': 2316075, 'cardType': 'Paddle-mac', 'jobId': 3275208, 'jobName': '执行脚本插件', 'ifDocument': False, 'stillneedTime': 10}
ifdockerfile: False
{'repoName': 'PaddlePaddle/Paddle', 'CIName': 'PR-CI-Mac-20', 'running': 39, 'PR': '30311', 'commitId': 'bdc99ab64421ec064f7049951634b83c69ac2d00', 'targetId': 2315951, 'cardType': 'Paddle-mac', 'jobId': 3275048, 'jobName': '执行脚本插件', 'ifDocument': False, 'stillneedTime': 10}
ifdockerfile: False
{'repoName': 'PaddlePaddle/Paddle', 'CIName': 'PR-CI-Mac-Python3-20', 'running': 44, 'PR': '30433', 'commitId': 'a08dbeb233d4fe431b18f24821de04f524c5f5d3', 'targetId': 2315860, 'cardType': 'Paddle-mac-py3', 'jobId': 3274929, 'jobName': '执行脚本插件', 'ifDocument': False, 'stillneedTime': 10}
ifdockerfile: False
{'repoName': 'PaddlePaddle/Paddle', 'CIName': 'PR-CI-Coverage', 'running': 89, 'PR': '30428', 'commitId': 'f220eb20252802ca8ef2edab1b4697f128bddb2c', 'targetId': 2315508, 'cardType': 'nTeslaV100-16', 'jobId': 3274473, 'jobName': 'PaddlePaddle编译', 'ifDocument': False, 'stillneedTime': 12}
ifdockerfile: False
{'repoName': 'PaddlePaddle/Paddle', 'CIName': 'PR-CI-Mac', 'running': 9, 'PR': '30438', 'commitId': '4a0bd0c5af77f7369d8195182b8c42f490c248dd', 'targetId': 2316097, 'cardType': 'Paddle-mac', 'jobId': 3275238, 'jobName': '执行脚本插件', 'ifDocument': False, 'stillneedTime': 13}
ifdockerfile: False
{'repoName': 'PaddlePaddle/Paddle', 'CIName': 'PR-CI-CPU-Py2-20', 'running': 1, 'PR': '30436', 'commitId': 'e2ed97d32ec879773be95caa7c6571e7e9b424c2', 'targetId': 2316005, 'cardType': 'nTeslaP4', 'jobId': 3275118, 'jobName': 'compile-and-UT', 'ifDocument': False, 'stillneedTime': 15}
ifdockerfile: False
{'repoName': 'PaddlePaddle/Paddle', 'CIName': 'PR-CI-Py3-20', 'running': 76, 'PR': '30431', 'commitId': 'e8785c84097599adcf5be00bdeb9b3be9428955e', 'targetId': 2315765, 'cardType': 'nTeslaV100-16', 'jobId': 3274790, 'jobName': 'PaddlePaddle编译', 'ifDocument': False, 'stillneedTime': 17}
ifdockerfile: False
{'repoName': 'PaddlePaddle/Paddle', 'CIName': 'PR-CI-Windows-20', 'running': 97, 'PR': '30424', 'commitId': '805018daf885e74fb2ef3ee9bcc6919e267e064a', 'targetId': 2315250, 'cardType': 'Paddle-windows', 'jobId': 3274133, 'jobName': 'Paddle编译/运行', 'ifDocument': False, 'stillneedTime': 17}
ifdockerfile: False
{'repoName': 'PaddlePaddle/Paddle', 'CIName': 'PR-CI-Mac-20', 'running': 3, 'PR': '30435', 'commitId': '1670bd5c53b9635305b4244c155c6e5ef0a43e10', 'targetId': 2316157, 'cardType': 'Paddle-mac', 'jobId': 3275310, 'jobName': '执行脚本插件', 'ifDocument': False, 'stillneedTime': 19}
ifdockerfile: False
{'repoName': 'PaddlePaddle/Paddle', 'CIName': 'PR-CI-Windows-OPENBLAS-20', 'running': 31, 'PR': '30311', 'commitId': 'bdc99ab64421ec064f7049951634b83c69ac2d00', 'targetId': 2315954, 'cardType': 'Paddle-windows-cpu', 'jobId': 3275051, 'jobName': 'Paddle编译', 'ifDocument': False, 'stillneedTime': 19}
ifdockerfile: False
{'repoName': 'PaddlePaddle/Paddle', 'CIName': 'PR-CI-Windows-OPENBLAS-20', 'running': 30, 'PR': '30436', 'commitId': 'e2ed97d32ec879773be95caa7c6571e7e9b424c2', 'targetId': 2316009, 'cardType': 'Paddle-windows-cpu', 'jobId': 3275122, 'jobName': 'Paddle编译', 'ifDocument': False, 'stillneedTime': 20}
ifdockerfile: False
{'repoName': 'PaddlePaddle/Paddle', 'CIName': 'PR-CI-Windows-OPENBLAS', 'running': 26, 'PR': '30437', 'commitId': 'abbe6e3891d34ea129cbd1a7370e6d1cebf65b6b', 'targetId': 2316037, 'cardType': 'Paddle-windows-cpu', 'jobId': 3275161, 'jobName': 'Paddle编译', 'ifDocument': False, 'stillneedTime': 24}
ifdockerfile: False
{'repoName': 'PaddlePaddle/Paddle', 'CIName': 'PR-CI-Windows-OPENBLAS', 'running': 25, 'PR': '30388', 'commitId': '7dce62fbec519e934817dd24e3295e94ab99af80', 'targetId': 2316076, 'cardType': 'Paddle-windows-cpu', 'jobId': 3275209, 'jobName': 'Paddle编译', 'ifDocument': False, 'stillneedTime': 25}
ifdockerfile: False
{'repoName': 'PaddlePaddle/Paddle', 'CIName': 'PR-CI-Windows-OPENBLAS', 'running': 21, 'PR': '30438', 'commitId': '4a0bd0c5af77f7369d8195182b8c42f490c248dd', 'targetId': 2316098, 'cardType': 'Paddle-windows-cpu', 'jobId': 3275239, 'jobName': 'Paddle编译', 'ifDocument': False, 'stillneedTime': 29}
ifdockerfile: False
{'repoName': 'PaddlePaddle/Paddle', 'CIName': 'PR-CI-Windows-20', 'running': 77, 'PR': '30427', 'commitId': 'f5579769e9c45b0736d8a1888e93995687f58cdd', 'targetId': 2315805, 'cardType': 'Paddle-windows', 'jobId': 3274841, 'jobName': 'Paddle编译/运行', 'ifDocument': False, 'stillneedTime': 37}
ifdockerfile: False
{'repoName': 'PaddlePaddle/Paddle', 'CIName': 'PR-CI-Py3-20', 'running': 54, 'PR': '30432', 'commitId': '6017e330e075e2a6c70442bd10af19e1443b3097', 'targetId': 2315782, 'cardType': 'nTeslaV100-16', 'jobId': 3274812, 'jobName': 'PaddlePaddle编译', 'ifDocument': False, 'stillneedTime': 39}
ifdockerfile: False
{'repoName': 'PaddlePaddle/Paddle', 'CIName': 'PR-CI-Windows-OPENBLAS', 'running': 9, 'PR': '30401', 'commitId': 'ad6b11903ee35c09aae879bc0c2170c573f69528', 'targetId': 2315842, 'cardType': 'Paddle-windows-cpu', 'jobId': 3274901, 'jobName': 'Paddle编译', 'ifDocument': False, 'stillneedTime': 41}
dockerfile::
tools/dockerfile/centos7_manylinux.sh
ifdockerfile: True
Dockerfile: {'repoName': 'PaddlePaddle/Paddle', 'CIName': 'PR-CI-Windows-OPENBLAS', 'running': 9, 'PR': '30401', 'commitId': 'ad6b11903ee35c09aae879bc0c2170c573f69528', 'targetId': 2315842, 'cardType': 'Paddle-windows-cpu', 'jobId': 3274901, 'jobName': 'Paddle编译', 'ifDocument': False, 'stillneedTime': 41}
{'repoName': 'PaddlePaddle/Paddle', 'CIName': 'PR-CI-Windows-OPENBLAS-20', 'running': 3, 'PR': '30435', 'commitId': '1670bd5c53b9635305b4244c155c6e5ef0a43e10', 'targetId': 2316160, 'cardType': 'Paddle-windows-cpu', 'jobId': 3275313, 'jobName': 'Paddle编译', 'ifDocument': False, 'stillneedTime': 47}
ifdockerfile: False
{'repoName': 'PaddlePaddle/Paddle', 'CIName': 'PR-CI-Windows-20', 'running': 65, 'PR': '30433', 'commitId': 'a08dbeb233d4fe431b18f24821de04f524c5f5d3', 'targetId': 2315862, 'cardType': 'Paddle-windows', 'jobId': 3274931, 'jobName': 'Paddle编译/运行', 'ifDocument': False, 'stillneedTime': 49}
ifdockerfile: False
{'repoName': 'PaddlePaddle/Paddle', 'CIName': 'PR-CI-Coverage-20', 'running': 51, 'PR': '30432', 'commitId': '6017e330e075e2a6c70442bd10af19e1443b3097', 'targetId': 2315780, 'cardType': 'nTeslaV100-16', 'jobId': 3274808, 'jobName': 'PaddlePaddle编译', 'ifDocument': False, 'stillneedTime': 50}
ifdockerfile: False
{'repoName': 'PaddlePaddle/Paddle', 'CIName': 'PR-CI-Py3-20', 'running': 40, 'PR': '30427', 'commitId': 'f5579769e9c45b0736d8a1888e93995687f58cdd', 'targetId': 2315801, 'cardType': 'nTeslaV100-16', 'jobId': 3274836, 'jobName': 'PaddlePaddle编译', 'ifDocument': False, 'stillneedTime': 53}
ifdockerfile: False
{'repoName': 'PaddlePaddle/Paddle', 'CIName': 'PR-CI-Py3-20', 'running': 38, 'PR': '30433', 'commitId': 'a08dbeb233d4fe431b18f24821de04f524c5f5d3', 'targetId': 2315854, 'cardType': 'nTeslaV100-16', 'jobId': 3274921, 'jobName': 'PaddlePaddle编译', 'ifDocument': False, 'stillneedTime': 55}
ifdockerfile: False
{'repoName': 'PaddlePaddle/Paddle', 'CIName': 'PR-CI-Coverage-20', 'running': 39, 'PR': '30427', 'commitId': 'f5579769e9c45b0736d8a1888e93995687f58cdd', 'targetId': 2315799, 'cardType': 'nTeslaV100-16', 'jobId': 3274832, 'jobName': 'PaddlePaddle编译', 'ifDocument': False, 'stillneedTime': 62}
ifdockerfile: False
{'repoName': 'PaddlePaddle/Paddle', 'CIName': 'PR-CI-Coverage-20', 'running': 35, 'PR': '30433', 'commitId': 'a08dbeb233d4fe431b18f24821de04f524c5f5d3', 'targetId': 2315851, 'cardType': 'nTeslaV100-16', 'jobId': 3274915, 'jobName': 'PaddlePaddle编译', 'ifDocument': False, 'stillneedTime': 66}
ifdockerfile: False
{'repoName': 'PaddlePaddle/Paddle', 'CIName': 'PR-CI-Windows-20', 'running': 39, 'PR': '30311', 'commitId': 'bdc99ab64421ec064f7049951634b83c69ac2d00', 'targetId': 2315953, 'cardType': 'Paddle-windows', 'jobId': 3275050, 'jobName': 'Paddle编译/运行', 'ifDocument': False, 'stillneedTime': 75}
ifdockerfile: False
{'repoName': 'PaddlePaddle/Paddle', 'CIName': 'PR-CI-Windows-20', 'running': 28, 'PR': '30436', 'commitId': 'e2ed97d32ec879773be95caa7c6571e7e9b424c2', 'targetId': 2316008, 'cardType': 'Paddle-windows', 'jobId': 3275121, 'jobName': 'Paddle编译/运行', 'ifDocument': False, 'stillneedTime': 86}
ifdockerfile: False
{'repoName': 'PaddlePaddle/Paddle', 'CIName': 'PR-CI-Py3-20', 'running': 1, 'PR': '30311', 'commitId': 'bdc99ab64421ec064f7049951634b83c69ac2d00', 'targetId': 2315949, 'cardType': 'nTeslaV100-16', 'jobId': 3275045, 'jobName': 'PaddlePaddle编译', 'ifDocument': False, 'stillneedTime': 92}
ifdockerfile: False
{'repoName': 'PaddlePaddle/Paddle', 'CIName': 'PR-CI-Windows-20', 'running': 19, 'PR': '30432', 'commitId': '6017e330e075e2a6c70442bd10af19e1443b3097', 'targetId': 2315786, 'cardType': 'Paddle-windows', 'jobId': 3274817, 'jobName': 'Paddle编译/运行', 'ifDocument': False, 'stillneedTime': 95}
ifdockerfile: False
{'repoName': 'PaddlePaddle/Paddle', 'CIName': 'PR-CI-Windows', 'running': 17, 'PR': '30434', 'commitId': '384c65cf36656b1154c43396849176de358080e3', 'targetId': 2315883, 'cardType': 'Paddle-windows', 'jobId': 3274957, 'jobName': 'Paddle编译/运行', 'ifDocument': False, 'stillneedTime': 97}
ifdockerfile: False
{'repoName': 'PaddlePaddle/Paddle', 'CIName': 'PR-CI-Coverage-20', 'running': 1, 'PR': '30311', 'commitId': 'bdc99ab64421ec064f7049951634b83c69ac2d00', 'targetId': 2315947, 'cardType': 'nTeslaV100-16', 'jobId': 3275041, 'jobName': 'PaddlePaddle编译', 'ifDocument': False, 'stillneedTime': 100}
ifdockerfile: False
{'repoName': 'PaddlePaddle/Paddle', 'CIName': 'PR-CI-Windows', 'running': 3, 'PR': '30388', 'commitId': '7dce62fbec519e934817dd24e3295e94ab99af80', 'targetId': 2316077, 'cardType': 'Paddle-windows', 'jobId': 3275210, 'jobName': 'Paddle编译/运行', 'ifDocument': False, 'stillneedTime': 111}
ifdockerfile: False
{'repoName': 'PaddlePaddle/Paddle', 'CIName': 'PR-CI-Windows', 'running': 3, 'PR': '30437', 'commitId': 'abbe6e3891d34ea129cbd1a7370e6d1cebf65b6b', 'targetId': 2316038, 'cardType': 'Paddle-windows', 'jobId': 3275162, 'jobName': 'Paddle编译/运行', 'ifDocument': False, 'stillneedTime': 111}
ifdockerfile: False
timeout_running_job
[]
===
alarm_running_job
[]
mailContent

